<?xml version="1.0" encoding="UTF-8"?>
<!-- Generated by org.testng.reporters.JUnitReportReporter -->
<testsuite hostname="DESKTOP-9E4JO2B" failures="0" tests="5" name="Jenkins.Selenium1" time="36.170" errors="0" timestamp="2023-02-20T22:56:02 IST" skipped="0">
  <testcase classname="Jenkins.Selenium1" name="launchbrowser" time="15.466"/>
  <system-out/>
  <testcase classname="Jenkins.Selenium1" name="test1" time="4.571"/>
  <system-out/>
  <testcase classname="Jenkins.Selenium1" name="test2" time="0.441"/>
  <system-out/>
  <testcase classname="Jenkins.Selenium1" name="test3" time="10.481"/>
  <system-out/>
  <testcase classname="Jenkins.Selenium1" name="Closebrowser" time="5.211"/>
  <system-out/>
</testsuite> <!-- Jenkins.Selenium1 -->
